2024-05-01T17:21:22.336Z - getMyCourses - Error: Unknown column 'm.managerName' in 'field list'
2024-05-01T17:21:22.336Z - getMyCourses - Error: Unknown column 'm.managerName' in 'field list'
2024-05-01T17:21:40.444Z - getMyCourses - Error: Unknown column 'sc.courseId' in 'on clause'
2024-05-01T17:21:40.444Z - getMyCourses - Error: Unknown column 'sc.courseId' in 'on clause'
2024-05-01T17:26:07.297Z - getAvailableCoursesToRegister - Error: Table 'studentCourse' was not locked with LOCK TABLES
2024-05-01T17:26:07.297Z - getAvailableCoursesToRegister - Error: Table 'studentCourse' was not locked with LOCK TABLES
2024-05-01T17:26:18.279Z - getAvailableCoursesToRegister - Error: Table 'studentCourse' was not locked with LOCK TABLES
2024-05-01T17:26:18.280Z - getAvailableCoursesToRegister - Error: Table 'studentCourse' was not locked with LOCK TABLES
2024-05-01T17:26:19.696Z - getAvailableCoursesToRegister - Error: Table 'studentCourse' was not locked with LOCK TABLES
2024-05-01T17:26:19.696Z - getAvailableCoursesToRegister - Error: Table 'studentCourse' was not locked with LOCK TABLES
2024-05-01T17:26:22.078Z - getAvailableCoursesToRegister - Error: Table 'studentCourse' was not locked with LOCK TABLES
2024-05-01T17:26:22.078Z - getAvailableCoursesToRegister - Error: Table 'studentCourse' was not locked with LOCK TABLES
2024-05-01T17:26:40.732Z - getAvailableCoursesToRegister - Error: Table 'studentCourse' was not locked with LOCK TABLES
2024-05-01T17:26:40.733Z - getAvailableCoursesToRegister - Error: Table 'studentCourse' was not locked with LOCK TABLES
2024-05-01T17:27:07.150Z - getAvailableCoursesToRegister - Error: You have an error in your SQL syntax; check the manual that corresponds to your MySQL server version for the right syntax to use near ', studentCourse s2 READ' at line 1
2024-05-01T17:27:07.150Z - getAvailableCoursesToRegister - Error: You have an error in your SQL syntax; check the manual that corresponds to your MySQL server version for the right syntax to use near ', studentCourse s2 READ' at line 1
2024-05-01T17:27:33.043Z - getAvailableCoursesToRegister - Error: Unknown column 's2.courseId' in 'field list'
2024-05-01T17:27:33.044Z - getAvailableCoursesToRegister - Error: Unknown column 's2.courseId' in 'field list'
2024-05-01T17:30:16.488Z - getAvailableCoursesToRegister - Error: Table 'studentCourse' was not locked with LOCK TABLES
2024-05-01T17:30:16.488Z - getAvailableCoursesToRegister - Error: Table 'studentCourse' was not locked with LOCK TABLES
2024-05-01T17:32:14.474Z - getAvailableCoursesToRegister - Error: Table 'studentCourse' was not locked with LOCK TABLES
2024-05-01T17:32:14.474Z - getAvailableCoursesToRegister - Error: Table 'studentCourse' was not locked with LOCK TABLES
2024-05-01T17:32:16.920Z - getAvailableCoursesToRegister - Error: Table 'studentCourse' was not locked with LOCK TABLES
2024-05-01T17:32:16.920Z - getAvailableCoursesToRegister - Error: Table 'studentCourse' was not locked with LOCK TABLES
2024-05-01T17:43:20.916Z - registerToCourse - TypeError: Expected a string but received a undefined
2024-05-01T17:44:15.803Z - registerToCourse - TypeError: Expected a string but received a undefined
2024-05-01T17:44:47.713Z - registerToCourse - TypeError: Expected a string but received a undefined
2024-05-01T17:45:50.919Z - registerToCourse - TypeError: Expected a string but received a undefined
2024-05-01T17:46:05.613Z - registerToCourse - TypeError: Expected a string but received a undefined
2024-05-01T17:47:25.166Z - registerToCourse - TypeError: Expected a string but received a number
2024-05-01T17:47:52.756Z - registerToCourse - Error: Table 'courseFaculty' was not locked with LOCK TABLES
2024-05-01T17:48:26.374Z - registerToCourse - Error: Table 'studentCourse' was not locked with LOCK TABLES
2024-05-01T18:07:08.974Z - getQuizById - TypeError: Cannot read properties of undefined (reading 'options')
2024-05-01T18:07:08.974Z - getQuizById - TypeError: Cannot read properties of undefined (reading 'options')
2024-05-01T18:07:20.714Z - getQuizById - SyntaxError: "undefined" is not valid JSON
2024-05-01T18:07:20.714Z - getQuizById - SyntaxError: "undefined" is not valid JSON
2024-05-01T18:09:51.361Z - getQuizById - SyntaxError: Unexpected token 'Y', "Yes,No,Maybe" is not valid JSON
2024-05-01T18:09:51.361Z - getQuizById - SyntaxError: Unexpected token 'Y', "Yes,No,Maybe" is not valid JSON
